<?xml version="1.0" encoding="UTF-8"?>
<testsuite name="TestSuite" time="522.676" tests="31" errors="0" skipped="0" failures="0">
  <properties>
    <property name="java.runtime.name" value="Java(TM) SE Runtime Environment"/>
    <property name="sun.boot.library.path" value="D:\java\jdk\jre\bin"/>
    <property name="java.vm.version" value="25.131-b11"/>
    <property name="java.vm.vendor" value="Oracle Corporation"/>
    <property name="maven.multiModuleProjectDirectory" value="D:\Workspace\ADD"/>
    <property name="java.vendor.url" value="http://java.oracle.com/"/>
    <property name="path.separator" value=";"/>
    <property name="guice.disable.misplaced.annotation.check" value="true"/>
    <property name="java.vm.name" value="Java HotSpot(TM) 64-Bit Server VM"/>
    <property name="file.encoding.pkg" value="sun.io"/>
    <property name="user.script" value=""/>
    <property name="user.country" value="CN"/>
    <property name="sun.java.launcher" value="SUN_STANDARD"/>
    <property name="sun.os.patch.level" value="Service Pack 1"/>
    <property name="java.vm.specification.name" value="Java Virtual Machine Specification"/>
    <property name="user.dir" value="D:\Workspace\ADD"/>
    <property name="java.runtime.version" value="1.8.0_131-b11"/>
    <property name="java.awt.graphicsenv" value="sun.awt.Win32GraphicsEnvironment"/>
    <property name="java.endorsed.dirs" value="D:\java\jdk\jre\lib\endorsed"/>
    <property name="os.arch" value="amd64"/>
    <property name="java.io.tmpdir" value="C:\Users\ADMINI~1\AppData\Local\Temp\"/>
    <property name="line.separator" value="&#10;"/>
    <property name="java.vm.specification.vendor" value="Oracle Corporation"/>
    <property name="user.variant" value=""/>
    <property name="os.name" value="Windows 7"/>
    <property name="classworlds.conf" value="D:\maven\apache-maven-3.5.0\bin\..\bin\m2.conf"/>
    <property name="sun.jnu.encoding" value="GBK"/>
    <property name="java.library.path" value="D:\java\jdk\bin;C:\Windows\Sun\Java\bin;C:\Windows\system32;C:\Windows;D:\java\jdk\bin;D:\java\jdk\jre\bin;C:\ProgramData\Oracle\Java\javapath;C:\Windows\system32;C:\Windows;C:\Windows\System32\Wbem;C:\Windows\System32\WindowsPowerShell\v1.0\;D:\java\sdk\SDK\tools;D:\java\sdk\SDK\platform-tools;E:\nodejs\;D:\eclipse\plugins\org.apache.ant_1.9.2.v201404171502\bin;D:\maven\apache-maven-3.5.0\bin;E:\moniqi\Nox\bin;C:\Users\Administrator\AppData\Local\Programs\Fiddler;C:\Users\Administrator\AppData\Roaming\npm;."/>
    <property name="maven.conf" value="D:\maven\apache-maven-3.5.0\bin\../conf"/>
    <property name="java.specification.name" value="Java Platform API Specification"/>
    <property name="java.class.version" value="52.0"/>
    <property name="sun.management.compiler" value="HotSpot 64-Bit Tiered Compilers"/>
    <property name="os.version" value="6.1"/>
    <property name="library.jansi.path" value="D:\maven\apache-maven-3.5.0\bin\..\lib\jansi-native\windows64"/>
    <property name="user.home" value="C:\Users\Administrator"/>
    <property name="user.timezone" value="Asia/Shanghai"/>
    <property name="java.awt.printerjob" value="sun.awt.windows.WPrinterJob"/>
    <property name="java.specification.version" value="1.8"/>
    <property name="file.encoding" value="GBK"/>
    <property name="user.name" value="Administrator"/>
    <property name="java.class.path" value="D:\maven\apache-maven-3.5.0\bin\..\boot\plexus-classworlds-2.5.2.jar"/>
    <property name="java.vm.specification.version" value="1.8"/>
    <property name="sun.arch.data.model" value="64"/>
    <property name="java.home" value="D:\java\jdk\jre"/>
    <property name="sun.java.command" value="org.codehaus.plexus.classworlds.launcher.Launcher test"/>
    <property name="java.specification.vendor" value="Oracle Corporation"/>
    <property name="user.language" value="zh"/>
    <property name="awt.toolkit" value="sun.awt.windows.WToolkit"/>
    <property name="java.vm.info" value="mixed mode"/>
    <property name="java.version" value="1.8.0_131"/>
    <property name="java.ext.dirs" value="D:\java\jdk\jre\lib\ext;C:\Windows\Sun\Java\lib\ext"/>
    <property name="sun.boot.class.path" value="D:\java\jdk\jre\lib\resources.jar;D:\java\jdk\jre\lib\rt.jar;D:\java\jdk\jre\lib\sunrsasign.jar;D:\java\jdk\jre\lib\jsse.jar;D:\java\jdk\jre\lib\jce.jar;D:\java\jdk\jre\lib\charsets.jar;D:\java\jdk\jre\lib\jfr.jar;D:\java\jdk\jre\classes"/>
    <property name="sun.stderr.encoding" value="ms936"/>
    <property name="java.vendor" value="Oracle Corporation"/>
    <property name="maven.home" value="D:\maven\apache-maven-3.5.0\bin\.."/>
    <property name="file.separator" value="\"/>
    <property name="java.vendor.url.bug" value="http://bugreport.sun.com/bugreport/"/>
    <property name="sun.cpu.endian" value="little"/>
    <property name="sun.io.unicode.encoding" value="UnicodeLittle"/>
    <property name="sun.stdout.encoding" value="ms936"/>
    <property name="sun.desktop" value="windows"/>
    <property name="sun.cpu.isalist" value="amd64"/>
  </properties>
  <testcase name="case11" classname="com.Case.Login" time="21.859"/>
  <testcase name="case12" classname="com.Case.Login" time="17.074"/>
  <testcase name="case13" classname="com.Case.Login" time="17.822"/>
  <testcase name="case14" classname="com.Case.Login" time="18.886"/>
  <testcase name="case15" classname="com.Case.Login" time="16.833"/>
  <testcase name="case16" classname="com.Case.Login" time="16.904"/>
  <testcase name="case17" classname="com.Case.Login" time="17.237"/>
  <testcase name="case18" classname="com.Case.Login" time="17.042"/>
  <testcase name="case19" classname="com.Case.Login" time="18.82"/>
  <testcase name="case21" classname="com.Case.Login" time="20.551"/>
  <testcase name="case22" classname="com.Case.Login" time="21.748"/>
  <testcase name="case23" classname="com.Case.Login" time="24.852"/>
  <testcase name="case24" classname="com.Case.Login" time="14.197"/>
  <testcase name="case25" classname="com.Case.Login" time="11.893"/>
  <testcase name="case26" classname="com.Case.Login" time="12.27"/>
  <testcase name="case27" classname="com.Case.Login" time="22.441"/>
  <testcase name="case28" classname="com.Case.Login" time="18.88"/>
  <testcase name="case29" classname="com.Case.Login" time="13.98"/>
  <testcase name="case30" classname="com.Case.Login" time="15.27"/>
  <testcase name="case31" classname="com.Case.Login" time="22.834"/>
  <testcase name="case32" classname="com.Case.Verilogin" time="15.313"/>
  <testcase name="case33" classname="com.Case.Verilogin" time="12.239"/>
  <testcase name="case34" classname="com.Case.Verilogin" time="13.071"/>
  <testcase name="case35" classname="com.Case.Verilogin" time="12.512"/>
  <testcase name="case36" classname="com.Case.Verilogin" time="12.158"/>
  <testcase name="case37" classname="com.Case.Verilogin" time="11.557"/>
  <testcase name="case38" classname="com.Case.Verilogin" time="16.998"/>
  <testcase name="case39" classname="com.Case.Verilogin" time="17.486"/>
  <testcase name="case40" classname="com.Case.Verilogin" time="9.672"/>
  <testcase name="case41" classname="com.Case.Verilogin" time="12.454"/>
  <testcase name="case42" classname="com.Case.Verilogin" time="27.823"/>
</testsuite>