<?xml version="1.0" encoding="UTF-8"?>
<testsuite xmlns:xsi="http://www.w3.org/2001/XMLSchema-instance" xsi:noNamespaceSchemaLocation="https://maven.apache.org/surefire/maven-surefire-plugin/xsd/surefire-test-report.xsd" name="TestSuite" time="803.717" tests="34" errors="0" skipped="0" failures="1">
  <properties>
    <property name="java.runtime.name" value="Java(TM) SE Runtime Environment"/>
    <property name="sun.boot.library.path" value="D:\java\jdk\jre\bin"/>
    <property name="java.vm.version" value="25.131-b11"/>
    <property name="java.vm.vendor" value="Oracle Corporation"/>
    <property name="java.vendor.url" value="http://java.oracle.com/"/>
    <property name="path.separator" value=";"/>
    <property name="guice.disable.misplaced.annotation.check" value="true"/>
    <property name="java.vm.name" value="Java HotSpot(TM) 64-Bit Server VM"/>
    <property name="file.encoding.pkg" value="sun.io"/>
    <property name="user.script" value=""/>
    <property name="user.country" value="CN"/>
    <property name="sun.java.launcher" value="SUN_STANDARD"/>
    <property name="sun.os.patch.level" value="Service Pack 1"/>
    <property name="java.vm.specification.name" value="Java Virtual Machine Specification"/>
    <property name="user.dir" value="D:\Workspace\ADD"/>
    <property name="java.runtime.version" value="1.8.0_131-b11"/>
    <property name="java.awt.graphicsenv" value="sun.awt.Win32GraphicsEnvironment"/>
    <property name="java.endorsed.dirs" value="D:\java\jdk\jre\lib\endorsed"/>
    <property name="os.arch" value="amd64"/>
    <property name="java.io.tmpdir" value="C:\Users\ADMINI~1\AppData\Local\Temp\"/>
    <property name="line.separator" value="&#10;"/>
    <property name="java.vm.specification.vendor" value="Oracle Corporation"/>
    <property name="user.variant" value=""/>
    <property name="os.name" value="Windows 7"/>
    <property name="classworlds.conf" value="D:\Workspace\.metadata\.plugins\org.eclipse.m2e.launching\launches\m2conf7093260867287707058.tmp"/>
    <property name="sun.jnu.encoding" value="GBK"/>
    <property name="java.library.path" value="D:\java\jdk\bin;C:\Windows\Sun\Java\bin;C:\Windows\system32;C:\Windows;D:/java/jdk/bin/../jre/bin/server;D:/java/jdk/bin/../jre/bin;D:/java/jdk/bin/../jre/lib/amd64;D:\java\jdk\bin;D:\java\jdk\jre\bin;C:\ProgramData\Oracle\Java\javapath;C:\Windows\system32;C:\Windows;C:\Windows\System32\Wbem;C:\Windows\System32\WindowsPowerShell\v1.0\;D:\java\sdk\SDK\tools;D:\java\sdk\SDK\platform-tools;E:\nodejs\;D:\eclipse\plugins\org.apache.ant_1.9.2.v201404171502\bin;D:\maven\apache-maven-3.5.0\bin;E:\moniqi\Nox\bin;C:\Users\Administrator\AppData\Local\Programs\Fiddler;C:\Users\Administrator\AppData\Roaming\npm;D:\eclipse;;."/>
    <property name="java.specification.name" value="Java Platform API Specification"/>
    <property name="java.class.version" value="52.0"/>
    <property name="sun.management.compiler" value="HotSpot 64-Bit Tiered Compilers"/>
    <property name="os.version" value="6.1"/>
    <property name="user.home" value="C:\Users\Administrator"/>
    <property name="user.timezone" value="Asia/Shanghai"/>
    <property name="java.awt.printerjob" value="sun.awt.windows.WPrinterJob"/>
    <property name="java.specification.version" value="1.8"/>
    <property name="file.encoding" value="UTF-8"/>
    <property name="user.name" value="Administrator"/>
    <property name="java.class.path" value="/D:/eclipse/plugins/org.eclipse.m2e.maven.runtime_1.5.0.20140605-2032/jars/plexus-classworlds-2.5.1.jar"/>
    <property name="org.slf4j.simpleLogger.defaultLogLevel" value="info"/>
    <property name="java.vm.specification.version" value="1.8"/>
    <property name="sun.arch.data.model" value="64"/>
    <property name="java.home" value="D:\java\jdk\jre"/>
    <property name="sun.java.command" value="org.codehaus.plexus.classworlds.launcher.Launcher -B test"/>
    <property name="java.specification.vendor" value="Oracle Corporation"/>
    <property name="user.language" value="zh"/>
    <property name="awt.toolkit" value="sun.awt.windows.WToolkit"/>
    <property name="java.vm.info" value="mixed mode"/>
    <property name="java.version" value="1.8.0_131"/>
    <property name="java.ext.dirs" value="D:\java\jdk\jre\lib\ext;C:\Windows\Sun\Java\lib\ext"/>
    <property name="sun.boot.class.path" value="D:\java\jdk\jre\lib\resources.jar;D:\java\jdk\jre\lib\rt.jar;D:\java\jdk\jre\lib\sunrsasign.jar;D:\java\jdk\jre\lib\jsse.jar;D:\java\jdk\jre\lib\jce.jar;D:\java\jdk\jre\lib\charsets.jar;D:\java\jdk\jre\lib\jfr.jar;D:\java\jdk\jre\classes"/>
    <property name="java.vendor" value="Oracle Corporation"/>
    <property name="maven.home" value="D:\Workspace\ADD\EMBEDDED"/>
    <property name="file.separator" value="\"/>
    <property name="java.vendor.url.bug" value="http://bugreport.sun.com/bugreport/"/>
    <property name="sun.cpu.endian" value="little"/>
    <property name="sun.io.unicode.encoding" value="UnicodeLittle"/>
    <property name="sun.desktop" value="windows"/>
    <property name="sun.cpu.isalist" value="amd64"/>
  </properties>
  <testcase name="case1" classname="com.Case.Authentic" time="20.267"/>
  <testcase name="case2" classname="com.Case.Authentic" time="102.489"/>
  <testcase name="case3" classname="com.Case.Authentic" time="71.642"/>
  <testcase name="case11" classname="com.Case.Login" time="23.159"/>
  <testcase name="case12" classname="com.Case.Login" time="20.404"/>
  <testcase name="case13" classname="com.Case.Login" time="19.85"/>
  <testcase name="case14" classname="com.Case.Login" time="20.998"/>
  <testcase name="case15" classname="com.Case.Login" time="18.853"/>
  <testcase name="case16" classname="com.Case.Login" time="19.235"/>
  <testcase name="case17" classname="com.Case.Login" time="18.882"/>
  <testcase name="case18" classname="com.Case.Login" time="20.191"/>
  <testcase name="case19" classname="com.Case.Login" time="23.154"/>
  <testcase name="case21" classname="com.Case.Login" time="21.244"/>
  <testcase name="case22" classname="com.Case.Login" time="24.728"/>
  <testcase name="case23" classname="com.Case.Login" time="25.78"/>
  <testcase name="case24" classname="com.Case.Login" time="16.5"/>
  <testcase name="case25" classname="com.Case.Login" time="16.53"/>
  <testcase name="case26" classname="com.Case.Login" time="14.471"/>
  <testcase name="case27" classname="com.Case.Login" time="21.713"/>
  <testcase name="case28" classname="com.Case.Login" time="22.613"/>
  <testcase name="case29" classname="com.Case.Login" time="17.277"/>
  <testcase name="case30" classname="com.Case.Login" time="15.866"/>
  <testcase name="case31" classname="com.Case.Login" time="25.325"/>
  <testcase name="case32" classname="com.Case.Verilogin" time="14.743"/>
  <testcase name="case33" classname="com.Case.Verilogin" time="13.854"/>
  <testcase name="case34" classname="com.Case.Verilogin" time="13.749"/>
  <testcase name="case35" classname="com.Case.Verilogin" time="13.619"/>
  <testcase name="case36" classname="com.Case.Verilogin" time="12.843"/>
  <testcase name="case37" classname="com.Case.Verilogin" time="12.782"/>
  <testcase name="case38" classname="com.Case.Verilogin" time="17.79"/>
  <testcase name="case39" classname="com.Case.Verilogin" time="18.625"/>
  <testcase name="case40" classname="com.Case.Verilogin" time="11.125"/>
  <testcase name="case41" classname="com.Case.Verilogin" time="12.851"/>
  <testcase name="case42" classname="com.Case.Verilogin" time="25.639">
    <failure message="找不到控件:null expected [true] but found [false]" type="java.lang.AssertionError">java.lang.AssertionError: 找不到控件:null expected [true] but found [false]
	at com.Case.Verilogin.case42(Verilogin.java:62)
</failure>
  </testcase>
</testsuite>