<?xml version="1.0" encoding="UTF-8"?>
<!-- Generated by org.testng.reporters.JUnitReportReporter -->
<testsuite hostname="USER-20170725RR" name="com.Case.Authentic" tests="3" failures="0" timestamp="20 Sep 2017 06:41:09 GMT" time="182.110" errors="0">
  <testcase name="case3" time="59.341" classname="com.Case.Authentic"/>
  <testcase name="case2" time="102.082" classname="com.Case.Authentic"/>
  <testcase name="case1" time="20.687" classname="com.Case.Authentic"/>
</testsuite> <!-- com.Case.Authentic -->
