<?xml version="1.0" encoding="UTF-8"?>
<!-- Generated by org.testng.reporters.JUnitReportReporter -->
<testsuite hostname="USER-20170725RR" name="com.Case.Verilogin" tests="2" failures="0" timestamp="15 Sep 2017 07:11:43 GMT" time="29.230" errors="0">
  <testcase name="case32" time="16.253" classname="com.Case.Verilogin"/>
  <testcase name="case33" time="12.977" classname="com.Case.Verilogin"/>
</testsuite> <!-- com.Case.Verilogin -->
