<?xml version="1.0" encoding="UTF-8"?>
<!-- Generated by org.testng.reporters.JUnitReportReporter -->
<testsuite hostname="USER-20170725RR" name="com.Case.Authentic" tests="1" failures="0" timestamp="20 Sep 2017 08:03:17 GMT" time="20.544" errors="0">
  <testcase name="case1" time="20.544" classname="com.Case.Authentic"/>
</testsuite> <!-- com.Case.Authentic -->
