<?xml version="1.0" encoding="UTF-8"?>
<!-- Generated by org.testng.reporters.JUnitReportReporter -->
<testsuite hostname="USER-20170725RR" name="com.test.Case" tests="4" failures="0" timestamp="30 Aug 2017 04:35:01 GMT" time="178.627" errors="0">
  <testcase name="case1" time="21.246" classname="com.test.Case"/>
  <testcase name="case4" time="0.003" classname="com.test.Case"/>
  <testcase name="case2" time="98.903" classname="com.test.Case"/>
  <testcase name="case3" time="58.475" classname="com.test.Case"/>
</testsuite> <!-- com.test.Case -->
