<?xml version="1.0" encoding="UTF-8"?>
<!-- Generated by org.testng.reporters.JUnitReportReporter -->
<testsuite hostname="USER-20170725RR" name="com.Case.Authentic" tests="1" failures="0" timestamp="30 Sep 2017 03:33:43 GMT" time="19.954" errors="0">
  <testcase name="case1" time="19.954" classname="com.Case.Authentic"/>
</testsuite> <!-- com.Case.Authentic -->
