<?xml version="1.0" encoding="UTF-8"?>
<!-- Generated by org.testng.reporters.JUnitReportReporter -->
<testsuite hostname="USER-20170725RR" name="com.Case.Verilogin" tests="1" failures="0" timestamp="15 Sep 2017 06:13:48 GMT" time="14.382" errors="0">
  <testcase name="case32" time="14.382" classname="com.Case.Verilogin"/>
</testsuite> <!-- com.Case.Verilogin -->
