<?xml version="1.0" encoding="UTF-8"?>
<!-- Generated by org.testng.reporters.JUnitReportReporter -->
<testsuite hostname="USER-20170725RR" name="com.Case.Authentic" tests="3" failures="0" timestamp="20 Sep 2017 03:30:29 GMT" time="194.388" errors="0">
  <testcase name="case2" time="102.470" classname="com.Case.Authentic"/>
  <testcase name="case1" time="20.265" classname="com.Case.Authentic"/>
  <testcase name="case3" time="71.653" classname="com.Case.Authentic"/>
</testsuite> <!-- com.Case.Authentic -->
