<?xml version="1.0" encoding="UTF-8"?>
<!-- Generated by org.testng.reporters.JUnitReportReporter -->
<testsuite hostname="USER-20170725RR" name="com.Case.Login" tests="20" failures="0" timestamp="9 Sep 2017 08:04:51 GMT" time="361.395" errors="0">
  <testcase name="case11" time="21.826" classname="com.Case.Login"/>
  <testcase name="case16" time="16.899" classname="com.Case.Login"/>
  <testcase name="case18" time="17.042" classname="com.Case.Login"/>
  <testcase name="case21" time="19.483" classname="com.Case.Login"/>
  <testcase name="case31" time="22.834" classname="com.Case.Login"/>
  <testcase name="case26" time="12.249" classname="com.Case.Login"/>
  <testcase name="case17" time="17.241" classname="com.Case.Login"/>
  <testcase name="case23" time="24.854" classname="com.Case.Login"/>
  <testcase name="case15" time="16.838" classname="com.Case.Login"/>
  <testcase name="case24" time="14.195" classname="com.Case.Login"/>
  <testcase name="case30" time="15.273" classname="com.Case.Login"/>
  <testcase name="case12" time="17.107" classname="com.Case.Login"/>
  <testcase name="case29" time="13.978" classname="com.Case.Login"/>
  <testcase name="case25" time="11.894" classname="com.Case.Login"/>
  <testcase name="case19" time="18.827" classname="com.Case.Login"/>
  <testcase name="case28" time="18.883" classname="com.Case.Login"/>
  <testcase name="case13" time="17.821" classname="com.Case.Login"/>
  <testcase name="case27" time="22.458" classname="com.Case.Login"/>
  <testcase name="case14" time="18.880" classname="com.Case.Login"/>
  <testcase name="case22" time="22.813" classname="com.Case.Login"/>
</testsuite> <!-- com.Case.Login -->
