<?xml version="1.0" encoding="UTF-8"?>
<!-- Generated by org.testng.reporters.JUnitReportReporter -->
<testsuite hostname="USER-20170725RR" name="com.Case.Verilogin" tests="11" failures="0" timestamp="9 Sep 2017 08:04:51 GMT" time="161.280" errors="0">
  <testcase name="case34" time="13.070" classname="com.Case.Verilogin"/>
  <testcase name="case42" time="27.837" classname="com.Case.Verilogin"/>
  <testcase name="case35" time="12.511" classname="com.Case.Verilogin"/>
  <testcase name="case39" time="17.489" classname="com.Case.Verilogin"/>
  <testcase name="case32" time="15.314" classname="com.Case.Verilogin"/>
  <testcase name="case36" time="12.157" classname="com.Case.Verilogin"/>
  <testcase name="case40" time="9.674" classname="com.Case.Verilogin"/>
  <testcase name="case41" time="12.438" classname="com.Case.Verilogin"/>
  <testcase name="case33" time="12.238" classname="com.Case.Verilogin"/>
  <testcase name="case37" time="11.558" classname="com.Case.Verilogin"/>
  <testcase name="case38" time="16.994" classname="com.Case.Verilogin"/>
</testsuite> <!-- com.Case.Verilogin -->
