<?xml version="1.0" encoding="UTF-8"?>
<!-- Generated by org.testng.reporters.JUnitReportReporter -->
<testsuite hostname="USER-20170725RR" name="com.Case.Authentic" tests="3" failures="0" timestamp="1 Sep 2017 10:39:41 GMT" time="178.447" errors="0">
  <testcase name="case3" time="59.287" classname="com.Case.Authentic"/>
  <testcase name="case2" time="97.652" classname="com.Case.Authentic"/>
  <testcase name="case1" time="21.508" classname="com.Case.Authentic"/>
</testsuite> <!-- com.Case.Authentic -->
