<?xml version="1.0" encoding="UTF-8"?>
<!-- Generated by org.testng.reporters.JUnitReportReporter -->
<testsuite hostname="USER-20170725RR" name="com.Case.Login" tests="20" failures="0" timestamp="20 Sep 2017 03:30:29 GMT" time="406.766" errors="0">
  <testcase name="case27" time="21.716" classname="com.Case.Login"/>
  <testcase name="case21" time="21.243" classname="com.Case.Login"/>
  <testcase name="case19" time="23.157" classname="com.Case.Login"/>
  <testcase name="case30" time="15.876" classname="com.Case.Login"/>
  <testcase name="case14" time="21.000" classname="com.Case.Login"/>
  <testcase name="case28" time="22.608" classname="com.Case.Login"/>
  <testcase name="case13" time="19.847" classname="com.Case.Login"/>
  <testcase name="case31" time="25.326" classname="com.Case.Login"/>
  <testcase name="case24" time="16.499" classname="com.Case.Login"/>
  <testcase name="case29" time="17.271" classname="com.Case.Login"/>
  <testcase name="case12" time="20.415" classname="com.Case.Login"/>
  <testcase name="case18" time="20.188" classname="com.Case.Login"/>
  <testcase name="case22" time="24.725" classname="com.Case.Login"/>
  <testcase name="case11" time="23.147" classname="com.Case.Login"/>
  <testcase name="case23" time="25.777" classname="com.Case.Login"/>
  <testcase name="case15" time="18.852" classname="com.Case.Login"/>
  <testcase name="case17" time="18.887" classname="com.Case.Login"/>
  <testcase name="case16" time="19.232" classname="com.Case.Login"/>
  <testcase name="case25" time="16.533" classname="com.Case.Login"/>
  <testcase name="case26" time="14.467" classname="com.Case.Login"/>
</testsuite> <!-- com.Case.Login -->
