<?xml version="1.0" encoding="UTF-8"?>
<!-- Generated by org.testng.reporters.JUnitReportReporter -->
<testsuite hostname="USER-20170725RR" name="com.Case.Verilogin" tests="11" failures="0" timestamp="20 Sep 2017 06:41:09 GMT" time="167.211" errors="0">
  <testcase name="case32" time="14.897" classname="com.Case.Verilogin"/>
  <testcase name="case39" time="18.224" classname="com.Case.Verilogin"/>
  <testcase name="case35" time="14.312" classname="com.Case.Verilogin"/>
  <testcase name="case38" time="17.731" classname="com.Case.Verilogin"/>
  <testcase name="case41" time="12.142" classname="com.Case.Verilogin"/>
  <testcase name="case33" time="13.153" classname="com.Case.Verilogin"/>
  <testcase name="case40" time="10.966" classname="com.Case.Verilogin"/>
  <testcase name="case37" time="12.242" classname="com.Case.Verilogin"/>
  <testcase name="case36" time="13.121" classname="com.Case.Verilogin"/>
  <testcase name="case34" time="13.744" classname="com.Case.Verilogin"/>
  <testcase name="case42" time="26.679" classname="com.Case.Verilogin"/>
</testsuite> <!-- com.Case.Verilogin -->
