<?xml version="1.0" encoding="UTF-8"?>
<!-- Generated by org.testng.reporters.JUnitReportReporter -->
<testsuite hostname="USER-20170725RR" name="com.Case.Verilogin" tests="2" failures="0" timestamp="18 Sep 2017 04:02:56 GMT" time="30.792" errors="0">
  <testcase name="case32" time="15.280" classname="com.Case.Verilogin"/>
  <testcase name="case33" time="15.512" classname="com.Case.Verilogin"/>
</testsuite> <!-- com.Case.Verilogin -->
